[
  {
    "level": "INFO",
    "message": "android.ndkVersion from module build.gradle is not set"
  },
  {
    "level": "INFO",
    "message": "ndk.dir in local.properties is D:\\Android\\AndroidNDK\\android-ndk-r21d"
  },
  {
    "level": "INFO",
    "message": "ANDROID_NDK_HOME environment variable is D:\\Android\\AndroidNDK\\android-ndk-r21d"
  },
  {
    "level": "INFO",
    "message": "sdkFolder is D:\\Android\\AndroidSDK\\Sdk"
  },
  {
    "level": "WARN",
    "message": "Support for ANDROID_NDK_HOME is deprecated and will be removed in the future. Use android.ndkVersion in build.gradle instead."
  },
  {
    "level": "INFO",
    "message": "Considering D:\\Android\\AndroidNDK\\android-ndk-r21d by ndk.dir"
  },
  {
    "level": "INFO",
    "message": "Considering D:\\Android\\AndroidNDK\\android-ndk-r21d by ANDROID_NDK_HOME"
  },
  {
    "level": "INFO",
    "message": "Considering D:\\Android\\AndroidSDK\\Sdk\\ndk-bundle in SDK ndk-bundle folder"
  },
  {
    "level": "INFO",
    "message": "Rejected D:\\Android\\AndroidSDK\\Sdk\\ndk-bundle in SDK ndk-bundle folder because that location has no source.properties"
  },
  {
    "level": "INFO",
    "message": "Found requested ndk.dir (D:\\Android\\AndroidNDK\\android-ndk-r21d) which has version 21.3.6528147"
  }
]